Flutter crash report.
Please report a bug at https://github.com/flutter/flutter/issues.

## command

flutter debug_adapter

## exception

FileSystemException: FileSystemException: writeFrom failed, path = '' (OS Error: Connection reset by peer, errno = 104)

```
#0      _checkForErrorResponse (dart:io/common.dart:56:9)
#1      _RandomAccessFile.writeFrom.<anonymous closure> (dart:io/file_impl.dart:885:7)
#2      _rootRunUnary (dart:async/zone.dart:1422:47)
<asynchronous suspension>
#3      _FileStreamConsumer.addStream.<anonymous closure>.<anonymous closure>.<anonymous closure> (dart:io/file_impl.dart:218:21)
<asynchronous suspension>
```

## flutter doctor

```
[!] Flutter (Channel stable, 3.27.1, on EndeavourOS 6.10.4-zen2-1-zen, locale en_US.UTF-8)
    • Flutter version 3.27.1 on channel stable at /opt/flutter
    ! Warning: `flutter` on your path resolves to /usr/bin/flutter, which is not inside your current Flutter SDK checkout at /opt/flutter. Consider adding /opt/flutter/bin to the front of your path.
    ! Warning: `dart` on your path resolves to /home/anro/.asdf/shims/dart, which is not inside your current Flutter SDK checkout at /opt/flutter. Consider adding /opt/flutter/bin to the front of your path.
    • Upstream repository https://github.com/flutter/flutter.git
    • Framework revision 17025dd882 (13 ngày trước), 2024-12-17 03:23:09 +0900
    • Engine revision cb4b5fff73
    • Dart version 3.6.0
    • DevTools version 2.40.2
    • If those were intentional, you can disregard the above warnings; however it is recommended to use "git" directly to perform update checks and upgrades.

[✓] Android toolchain - develop for Android devices (Android SDK version 35.0.0)
    • Android SDK at /opt/android-sdk
    • Platform android-35, build-tools 35.0.0
    • ANDROID_HOME = /opt/android-sdk
    • ANDROID_SDK_ROOT = /opt/android-sdk
    • Java binary at: /opt/android-studio/jbr/bin/java
    • Java version OpenJDK Runtime Environment (build 17.0.10+0-17.0.10b1087.21-11609105)
    • All Android licenses accepted.

[✗] Chrome - develop for the web (Cannot find Chrome executable at google-chrome)
    ! Cannot find Chrome. Try setting CHROME_EXECUTABLE to a Chrome executable.

[✓] Linux toolchain - develop for Linux desktop
    • clang version 18.1.8
    • cmake version 3.30.2
    • ninja version 1.12.1
    • pkg-config version 2.1.1

[✓] Android Studio (version 2024.1)
    • Android Studio at /opt/android-studio
    • Flutter plugin version 81.0.2
    • Dart plugin can be installed from:
      🔨 https://plugins.jetbrains.com/plugin/6351-dart
    • Java version OpenJDK Runtime Environment (build 17.0.10+0-17.0.10b1087.21-11609105)

[✓] Connected device (2 available)
    • sdk gphone64 x86 64 (mobile) • emulator-5554 • android-x64 • Android 13 (API 33) (emulator)
    • Linux (desktop)              • linux         • linux-x64   • EndeavourOS 6.10.4-zen2-1-zen

[✓] Network resources
    • All expected network resources are available.

! Doctor found issues in 2 categories.
```
